#
# There is insufficient memory for the Java Runtime Environment to continue.
# Native memory allocation (mmap) failed to map 130023424 bytes for G1 virtual space
# Possible reasons:
#   The system is out of physical RAM or swap space
#   The process is running with CompressedOops enabled, and the Java Heap may be blocking the growth of the native heap
# Possible solutions:
#   Reduce memory load on the system
#   Increase physical memory or swap space
#   Check if swap backing store is full
#   Decrease Java heap size (-Xmx/-Xms)
#   Decrease number of Java threads
#   Decrease Java thread stack sizes (-Xss)
#   Set larger code cache with -XX:ReservedCodeCacheSize=
#   JVM is running with Unscaled Compressed Oops mode in which the Java heap is
#     placed in the first 4GB address space. The Java Heap base address is the
#     maximum limit for the native heap growth. Please use -XX:HeapBaseMinAddress
#     to set the Java Heap base and to place the Java Heap above 4GB virtual address.
# This output file may be truncated or incomplete.
#
#  Out of Memory Error (os_windows.cpp:3528), pid=22304, tid=18136
#
# JRE version:  (20.0.2+9) (build )
# Java VM: Java HotSpot(TM) 64-Bit Server VM (20.0.2+9-78, mixed mode, sharing, tiered, compressed oops, compressed class ptrs, g1 gc, windows-amd64)
# No core dump will be written. Minidumps are not enabled by default on client versions of Windows
#

---------------  S U M M A R Y ------------

Command Line: -Dfile.encoding=UTF-8 -XX:+ShowCodeDetailsInExceptionMessages Simulator

Host: 11th Gen Intel(R) Core(TM) i5-1135G7 @ 2.40GHz, 8 cores, 7G,  Windows 11 , 64 bit Build 22621 (10.0.22621.2506)
Time: Sun Dec 10 20:10:52 2023 Eastern Standard Time elapsed time: 0.072356 seconds (0d 0h 0m 0s)

---------------  T H R E A D  ---------------

Current thread (0x000002726d6b8140):  JavaThread "Unknown thread" [_thread_in_vm, id=18136, stack(0x000000d82a300000,0x000000d82a400000)]

Stack: [0x000000d82a300000,0x000000d82a400000]
Native frames: (J=compiled Java code, j=interpreted, Vv=VM code, C=native code)
V  [jvm.dll+0x6bc25a]
V  [jvm.dll+0x84971a]
V  [jvm.dll+0x84b315]
V  [jvm.dll+0x84ba13]
V  [jvm.dll+0x280e4f]
V  [jvm.dll+0x6b8fe9]
V  [jvm.dll+0x6adbca]
V  [jvm.dll+0x35b165]
V  [jvm.dll+0x363386]
V  [jvm.dll+0x3b400e]
V  [jvm.dll+0x3b4295]
V  [jvm.dll+0x32b86a]
V  [jvm.dll+0x32c68b]
V  [jvm.dll+0x8123df]
V  [jvm.dll+0x3c1261]
V  [jvm.dll+0x7fe103]
V  [jvm.dll+0x44ccaf]
V  [jvm.dll+0x44e621]
C  [jli.dll+0x5287]
C  [ucrtbase.dll+0x29363]
C  [KERNEL32.DLL+0x1257d]
C  [ntdll.dll+0x5aa58]


---------------  P R O C E S S  ---------------

Threads class SMR info:
_java_thread_list=0x00007ff86df2b118, length=0, elements={
}

Java Threads: ( => current thread )

Other Threads:
  0x000002726d715d70 WorkerThread "GC Thread#0" [stack: 0x000000d82a400000,0x000000d82a500000] [id=27160]
  0x000002726d727220 ConcurrentGCThread "G1 Main Marker" [stack: 0x000000d82a500000,0x000000d82a600000] [id=21156]
  0x000002726d727b60 WorkerThread "G1 Conc#0" [stack: 0x000000d82a600000,0x000000d82a700000] [id=24820]

[error occurred during error reporting (printing all threads), id 0xc0000005, EXCEPTION_ACCESS_VIOLATION (0xc0000005) at pc=0x00007ff86d70eea7]
VM state: not at safepoint (not fully initialized)

VM Mutex/Monitor currently owned by a thread:  ([mutex/lock_event])
[0x000002726d6b4650] Heap_lock - owner thread: 0x000002726d6b8140

Heap address: 0x0000000084c00000, size: 1972 MB, Compressed Oops mode: 32-bit

CDS archive(s) mapped at: [0x0000000000000000-0x0000000000000000-0x0000000000000000), size 0, SharedBaseAddress: 0x0000000800000000, ArchiveRelocationMode: 1.
Narrow klass base: 0x0000000000000000, Narrow klass shift: 0, Narrow klass range: 0x0

GC Precious Log:
 CardTable entry size: 512
 Card Set container configuration: InlinePtr #cards 5 size 8 Array Of Cards #cards 12 size 40 Howl #buckets 4 coarsen threshold 1843 Howl Bitmap #cards 512 size 80 coarsen threshold 460 Card regions per heap region 1 cards per card region 2048

Heap:
 garbage-first heap   total 0K, used 0K [0x0000000084c00000, 0x0000000100000000)
  region size 1024K, 0 young (0K), 0 survivors (0K)

[error occurred during error reporting (printing heap information), id 0xc0000005, EXCEPTION_ACCESS_VIOLATION (0xc0000005) at pc=0x00007ff86dae47b9]
GC Heap History (0 events):
No events

Dll operation events (1 events):
Event: 0.009 Loaded shared library C:\Program Files\Java\jdk-20\bin\java.dll

Deoptimization events (0 events):
No events

Classes loaded (0 events):
No events

Classes unloaded (0 events):
No events

Classes redefined (0 events):
No events

Internal exceptions (0 events):
No events

VM Operations (0 events):
No events

Events (0 events):
No events


Dynamic libraries:
0x00007ff6e63b0000 - 0x00007ff6e63c0000 	C:\Program Files\Java\jdk-20\bin\javaw.exe
0x00007ff8b4a70000 - 0x00007ff8b4c87000 	C:\WINDOWS\SYSTEM32\ntdll.dll
0x00007ff8b40c0000 - 0x00007ff8b4184000 	C:\WINDOWS\System32\KERNEL32.DLL
0x00007ff8b1ea0000 - 0x00007ff8b2246000 	C:\WINDOWS\System32\KERNELBASE.dll
0x00007ff8b2250000 - 0x00007ff8b2361000 	C:\WINDOWS\System32\ucrtbase.dll
0x00007ff89f630000 - 0x00007ff89f64b000 	C:\Program Files\Java\jdk-20\bin\VCRUNTIME140.dll
0x00007ff8a8b50000 - 0x00007ff8a8b69000 	C:\Program Files\Java\jdk-20\bin\jli.dll
0x00007ff8b3390000 - 0x00007ff8b3441000 	C:\WINDOWS\System32\ADVAPI32.dll
0x00007ff8b3fa0000 - 0x00007ff8b4047000 	C:\WINDOWS\System32\msvcrt.dll
0x00007ff8b34d0000 - 0x00007ff8b3575000 	C:\WINDOWS\System32\sechost.dll
0x00007ff8b2840000 - 0x00007ff8b2957000 	C:\WINDOWS\System32\RPCRT4.dll
0x00007ff8b3a60000 - 0x00007ff8b3c0e000 	C:\WINDOWS\System32\USER32.dll
0x00007ff8b26a0000 - 0x00007ff8b26c6000 	C:\WINDOWS\System32\win32u.dll
0x00007ff8b42e0000 - 0x00007ff8b4309000 	C:\WINDOWS\System32\GDI32.dll
0x00007ff899a20000 - 0x00007ff899cb3000 	C:\WINDOWS\WinSxS\amd64_microsoft.windows.common-controls_6595b64144ccf1df_6.0.22621.2506_none_270c5ae97388e100\COMCTL32.dll
0x00007ff8b2580000 - 0x00007ff8b2698000 	C:\WINDOWS\System32\gdi32full.dll
0x00007ff8b2370000 - 0x00007ff8b240a000 	C:\WINDOWS\System32\msvcp_win.dll
0x00007ff8a8b70000 - 0x00007ff8a8b7a000 	C:\WINDOWS\SYSTEM32\VERSION.dll
0x00007ff8b4310000 - 0x00007ff8b4341000 	C:\WINDOWS\System32\IMM32.DLL
0x00007ff8aa270000 - 0x00007ff8aa27c000 	C:\Program Files\Java\jdk-20\bin\vcruntime140_1.dll
0x00007ff895e50000 - 0x00007ff895ede000 	C:\Program Files\Java\jdk-20\bin\msvcp140.dll
0x00007ff86d3d0000 - 0x00007ff86e068000 	C:\Program Files\Java\jdk-20\bin\server\jvm.dll
0x00007ff8a5410000 - 0x00007ff8a5444000 	C:\WINDOWS\SYSTEM32\WINMM.dll
0x00007ff8aa1e0000 - 0x00007ff8aa1e9000 	C:\WINDOWS\SYSTEM32\WSOCK32.dll
0x00007ff8b3450000 - 0x00007ff8b34c1000 	C:\WINDOWS\System32\WS2_32.dll
0x00007ff8b0da0000 - 0x00007ff8b0db8000 	C:\WINDOWS\SYSTEM32\kernel.appcore.dll
0x00007ff8a8b40000 - 0x00007ff8a8b4a000 	C:\Program Files\Java\jdk-20\bin\jimage.dll
0x00007ff8af6a0000 - 0x00007ff8af8d3000 	C:\WINDOWS\SYSTEM32\DBGHELP.DLL
0x00007ff8b3c10000 - 0x00007ff8b3f99000 	C:\WINDOWS\System32\combase.dll
0x00007ff8b46b0000 - 0x00007ff8b4787000 	C:\WINDOWS\System32\OLEAUT32.dll
0x00007ff886fe0000 - 0x00007ff887012000 	C:\WINDOWS\SYSTEM32\dbgcore.DLL
0x00007ff8b26d0000 - 0x00007ff8b274a000 	C:\WINDOWS\System32\bcryptPrimitives.dll
0x00007ff89a500000 - 0x00007ff89a526000 	C:\Program Files\Java\jdk-20\bin\java.dll

dbghelp: loaded successfully - version: 4.0.5 - missing functions: none
symbol engine: initialized successfully - sym options: 0x614 - pdb path: .;C:\Program Files\Java\jdk-20\bin;C:\WINDOWS\SYSTEM32;C:\WINDOWS\WinSxS\amd64_microsoft.windows.common-controls_6595b64144ccf1df_6.0.22621.2506_none_270c5ae97388e100;C:\Program Files\Java\jdk-20\bin\server

VM Arguments:
jvm_args: -Dfile.encoding=UTF-8 -XX:+ShowCodeDetailsInExceptionMessages 
java_command: Simulator
java_class_path (initial): D:\CSCI-Simulator-T7 (1)\CSCI-Simulator-T7\src
Launcher Type: SUN_STANDARD

[Global flags]
     intx CICompilerCount                          = 4                                         {product} {ergonomic}
     uint ConcGCThreads                            = 2                                         {product} {ergonomic}
     uint G1ConcRefinementThreads                  = 8                                         {product} {ergonomic}
   size_t G1HeapRegionSize                         = 1048576                                   {product} {ergonomic}
    uintx GCDrainStackTargetSize                   = 64                                        {product} {ergonomic}
   size_t InitialHeapSize                          = 130023424                                 {product} {ergonomic}
   size_t MarkStackSize                            = 4194304                                   {product} {ergonomic}
   size_t MaxHeapSize                              = 2067791872                                {product} {ergonomic}
   size_t MinHeapDeltaBytes                        = 1048576                                   {product} {ergonomic}
   size_t MinHeapSize                              = 8388608                                   {product} {ergonomic}
    uintx NonNMethodCodeHeapSize                   = 5839372                                {pd product} {ergonomic}
    uintx NonProfiledCodeHeapSize                  = 122909434                              {pd product} {ergonomic}
    uintx ProfiledCodeHeapSize                     = 122909434                              {pd product} {ergonomic}
    uintx ReservedCodeCacheSize                    = 251658240                              {pd product} {ergonomic}
     bool SegmentedCodeCache                       = true                                      {product} {ergonomic}
     bool ShowCodeDetailsInExceptionMessages       = true                                   {manageable} {command line}
   size_t SoftMaxHeapSize                          = 2067791872                             {manageable} {ergonomic}
     bool UseCompressedClassPointers               = true                           {product lp64_product} {ergonomic}
     bool UseCompressedOops                        = true                           {product lp64_product} {ergonomic}
     bool UseG1GC                                  = true                                      {product} {ergonomic}
     bool UseLargePagesIndividualAllocation        = false                                  {pd product} {ergonomic}

Logging:
Log output configuration:
 #0: stdout all=warning uptime,level,tags foldmultilines=false
 #1: stderr all=off uptime,level,tags foldmultilines=false

Environment Variables:
JAVA_HOME=C:\Program Files\Java\jdk-20
PATH=C:\Program Files\Common Files\Oracle\Java\javapath;C:\WINDOWS\system32;C:\WINDOWS;C:\WINDOWS\System32\Wbem;C:\WINDOWS\System32\WindowsPowerShell\v1.0\;C:\WINDOWS\System32\OpenSSH\;C:\Program Files\Java\jdk-20\bin;C:\Dart\dart-sdk\bin;C:\Program Files\Git\cmd;C:\Users\ISHA\AppData\Local\Microsoft\WindowsApps;C:\Program Files\Java\jdk-20\bin;;C:\Users\ISHA\AppData\Local\Programs\Microsoft VS Code\bin
USERNAME=ISHA
OS=Windows_NT
PROCESSOR_IDENTIFIER=Intel64 Family 6 Model 140 Stepping 1, GenuineIntel
TMP=C:\Users\ISHA\AppData\Local\Temp
TEMP=C:\Users\ISHA\AppData\Local\Temp




---------------  S Y S T E M  ---------------

OS:
 Windows 11 , 64 bit Build 22621 (10.0.22621.2506)
OS uptime: 0 days 4:38 hours
Hyper-V role detected

CPU: total 8 (initial active 8) (4 cores per cpu, 2 threads per core) family 6 model 140 stepping 1 microcode 0x86, cx8, cmov, fxsr, ht, mmx, 3dnowpref, sse, sse2, sse3, ssse3, sse4.1, sse4.2, popcnt, lzcnt, tsc, tscinvbit, avx, avx2, aes, erms, clmul, bmi1, bmi2, adx, avx512f, avx512dq, avx512cd, avx512bw, avx512vl, sha, fma, vzeroupper, avx512_vpopcntdq, avx512_vpclmulqdq, avx512_vaes, avx512_vnni, clflush, clflushopt, clwb, avx512_vbmi2, avx512_vbmi, hv, rdtscp, rdpid, fsrm, gfni, avx512_bitalg, f16c, cet_ibt, cet_ss, avx512_ifma

Memory: 4k page, system-wide physical 7886M (1190M free)
TotalPageFile size 32462M (AvailPageFile size 24M)
current process WorkingSet (physical memory assigned to process): 11M, peak: 11M
current process commit charge ("private bytes"): 60M, peak: 184M

vm_info: Java HotSpot(TM) 64-Bit Server VM (20.0.2+9-78) for windows-amd64 JRE (20.0.2+9-78), built on 2023-06-14T10:08:48Z by "mach5one" with MS VC++ 17.1 (VS2022)

END.
